  BezierCurve.cpp
c:\users\tyler\source\repos\dfa_project\beziercurve.cpp(34): warning C4267: 'return': conversion from 'size_t' to 'int', possible loss of data
  Bitmap.cpp
c:\users\tyler\source\repos\dfa_project\bitmap.cpp(179): warning C4838: conversion from 'int' to 'unsigned char' requires a narrowing conversion
c:\users\tyler\source\repos\dfa_project\bitmap.cpp(205): warning C4244: 'initializing': conversion from 'float' to 'int', possible loss of data
c:\users\tyler\source\repos\dfa_project\bitmap.cpp(273): warning C4838: conversion from 'int' to 'unsigned char' requires a narrowing conversion
c:\users\tyler\source\repos\dfa_project\bitmap.cpp(323): warning C4838: conversion from 'int' to 'unsigned char' requires a narrowing conversion
c:\users\tyler\source\repos\dfa_project\bitmap.cpp(366): warning C4838: conversion from 'int' to 'unsigned char' requires a narrowing conversion
c:\users\tyler\source\repos\dfa_project\bitmap.cpp(402): warning C4838: conversion from 'int' to 'unsigned char' requires a narrowing conversion
c:\users\tyler\source\repos\dfa_project\bitmap.cpp(202): warning C4101: 'red': unreferenced local variable
c:\users\tyler\source\repos\dfa_project\bitmap.cpp(202): warning C4101: 'blue': unreferenced local variable
c:\users\tyler\source\repos\dfa_project\bitmap.cpp(202): warning C4101: 'green': unreferenced local variable
  BMPFont.cpp
  Box.cpp
  DFA.cpp
c:\users\tyler\source\repos\dfa_project\dfa.cpp(40): warning C4244: 'initializing': conversion from 'float' to 'int', possible loss of data
c:\users\tyler\source\repos\dfa_project\dfa.cpp(41): warning C4244: 'initializing': conversion from 'float' to 'int', possible loss of data
  MathExt.cpp
c:\users\tyler\source\repos\dfa_project\mathext.cpp(214): warning C4244: 'return': conversion from 'double' to 'int', possible loss of data
c:\users\tyler\source\repos\dfa_project\mathext.cpp(219): warning C4244: 'return': conversion from 'double' to 'long', possible loss of data
c:\users\tyler\source\repos\dfa_project\mathext.cpp(365): warning C4244: 'return': conversion from 'double' to 'float', possible loss of data
c:\users\tyler\source\repos\dfa_project\mathext.cpp(375): warning C4244: 'return': conversion from 'double' to 'float', possible loss of data
c:\users\tyler\source\repos\dfa_project\mathext.cpp(380): warning C4244: 'return': conversion from 'double' to 'float', possible loss of data
  quickDir.cpp
c:\users\tyler\source\repos\dfa_project\quickdir.cpp(58): warning C4267: 'initializing': conversion from 'size_t' to 'int', possible loss of data
c:\users\tyler\source\repos\dfa_project\quickdir.cpp(90): warning C4244: 'return': conversion from 'uintmax_t' to 'unsigned int', possible loss of data
c:\users\tyler\source\repos\dfa_project\quickdir.cpp(252): warning C4267: 'return': conversion from 'size_t' to 'int', possible loss of data
  quickIO.cpp
c:\users\tyler\source\repos\dfa_project\quickio.cpp(20): warning C4244: '=': conversion from 'std::streamoff' to 'int', possible loss of data
c:\users\tyler\source\repos\dfa_project\quickio.cpp(35): warning C4244: '=': conversion from 'std::streamoff' to 'int', possible loss of data
c:\users\tyler\source\repos\dfa_project\quickio.cpp(43): warning C4244: '=': conversion from 'std::streamoff' to 'int', possible loss of data
c:\users\tyler\source\repos\dfa_project\quickio.cpp(63): warning C4244: '=': conversion from 'std::streamoff' to 'int', possible loss of data
c:\users\tyler\source\repos\dfa_project\quickio.cpp(78): warning C4244: '=': conversion from 'std::streamoff' to 'int', possible loss of data
c:\users\tyler\source\repos\dfa_project\quickio.cpp(86): warning C4244: '=': conversion from 'std::streamoff' to 'int', possible loss of data
c:\users\tyler\source\repos\dfa_project\quickio.cpp(145): warning C4101: 'n': unreferenced local variable
c:\users\tyler\source\repos\dfa_project\quickio.cpp(472): warning C4244: 'argument': conversion from 'wchar_t' to '_Elem', possible loss of data
          with
          [
              _Elem=char
          ]
c:\users\tyler\source\repos\dfa_project\quickio.cpp(515): warning C4244: 'argument': conversion from 'wchar_t' to '_Elem', possible loss of data
          with
          [
              _Elem=char
          ]
c:\users\tyler\source\repos\dfa_project\quickio.cpp(559): warning C4244: 'argument': conversion from 'wchar_t' to '_Elem', possible loss of data
          with
          [
              _Elem=char
          ]
c:\users\tyler\source\repos\dfa_project\quickio.cpp(625): warning C4244: 'return': conversion from 'std::streamoff' to 'int', possible loss of data
  Renderer.cpp
c:\users\tyler\source\repos\dfa_project\renderer.cpp(104): warning C4244: 'initializing': conversion from 'double' to 'int', possible loss of data
c:\users\tyler\source\repos\dfa_project\renderer.cpp(109): warning C4244: '=': conversion from 'double' to 'int', possible loss of data
c:\users\tyler\source\repos\dfa_project\renderer.cpp(293): warning C4244: 'argument': conversion from 'double' to 'int', possible loss of data
  Source.cpp
c:\users\tyler\source\repos\dfa_project\source.cpp(8): warning C4005: 'PI': macro redefinition
  c:\users\tyler\source\repos\dfa_project\mathext.h(7): note: see previous definition of 'PI'
  State.cpp
  stringTools.cpp
c:\users\tyler\source\repos\dfa_project\stringtools.cpp(77): warning C4267: 'return': conversion from 'size_t' to 'int', possible loss of data
c:\users\tyler\source\repos\dfa_project\stringtools.cpp(82): warning C4267: 'return': conversion from 'size_t' to 'int', possible loss of data
c:\users\tyler\source\repos\dfa_project\stringtools.cpp(87): warning C4267: 'return': conversion from 'size_t' to 'int', possible loss of data
c:\users\tyler\source\repos\dfa_project\stringtools.cpp(92): warning C4267: 'return': conversion from 'size_t' to 'int', possible loss of data
c:\users\tyler\source\repos\dfa_project\stringtools.cpp(125): warning C4311: 'type cast': pointer truncation from 'void *' to 'int'
c:\users\tyler\source\repos\dfa_project\stringtools.cpp(125): warning C4302: 'type cast': truncation from 'void *' to 'int'
c:\users\tyler\source\repos\dfa_project\stringtools.cpp(176): warning C4293: '>>': shift count negative or too big, undefined behavior
c:\users\tyler\source\repos\dfa_project\stringtools.cpp(177): warning C4293: '>>': shift count negative or too big, undefined behavior
c:\users\tyler\source\repos\dfa_project\stringtools.cpp(178): warning C4293: '>>': shift count negative or too big, undefined behavior
c:\users\tyler\source\repos\dfa_project\stringtools.cpp(179): warning C4293: '>>': shift count negative or too big, undefined behavior
c:\users\tyler\source\repos\dfa_project\stringtools.cpp(180): warning C4293: '>>': shift count negative or too big, undefined behavior
c:\users\tyler\source\repos\dfa_project\stringtools.cpp(181): warning C4293: '>>': shift count negative or too big, undefined behavior
c:\users\tyler\source\repos\dfa_project\stringtools.cpp(182): warning C4293: '>>': shift count negative or too big, undefined behavior
c:\users\tyler\source\repos\dfa_project\stringtools.cpp(183): warning C4293: '>>': shift count negative or too big, undefined behavior
c:\users\tyler\source\repos\dfa_project\stringtools.cpp(271): warning C4267: 'initializing': conversion from 'size_t' to 'int', possible loss of data
  System.cpp
c:\users\tyler\source\repos\dfa_project\system.cpp(17): warning C4244: 'return': conversion from '_Rep' to 'long', possible loss of data
          with
          [
              _Rep=__int64
          ]
c:\users\tyler\source\repos\dfa_project\system.cpp(23): warning C4244: 'return': conversion from '_Rep' to 'long', possible loss of data
          with
          [
              _Rep=__int64
          ]
c:\users\tyler\source\repos\dfa_project\system.cpp(29): warning C4244: 'return': conversion from '_Rep' to 'long', possible loss of data
          with
          [
              _Rep=__int64
          ]
  WndWindow.cpp
c:\users\tyler\source\repos\dfa_project\wndwindow.cpp(130): warning C4244: 'argument': conversion from 'WPARAM' to 'int', possible loss of data
c:\users\tyler\source\repos\dfa_project\wndwindow.cpp(135): warning C4244: 'argument': conversion from 'WPARAM' to 'int', possible loss of data
  Generating Code...
  DFA_Project.vcxproj -> C:\Users\Tyler\Source\Repos\DFA_Project\x64\Debug\DFA_Project.exe
