c:\users\tyler\source\repos\dfa_project\x64\debug\vc141.pdb
c:\users\tyler\source\repos\dfa_project\x64\debug\vc141.idb
c:\users\tyler\source\repos\dfa_project\x64\debug\wndwindow.obj
c:\users\tyler\source\repos\dfa_project\x64\debug\system.obj
c:\users\tyler\source\repos\dfa_project\x64\debug\stringtools.obj
c:\users\tyler\source\repos\dfa_project\x64\debug\source.obj
c:\users\tyler\source\repos\dfa_project\x64\debug\renderer.obj
c:\users\tyler\source\repos\dfa_project\x64\debug\quickio.obj
c:\users\tyler\source\repos\dfa_project\x64\debug\quickdir.obj
c:\users\tyler\source\repos\dfa_project\x64\debug\mathext.obj
c:\users\tyler\source\repos\dfa_project\x64\debug\box.obj
c:\users\tyler\source\repos\dfa_project\x64\debug\bmpfont.obj
c:\users\tyler\source\repos\dfa_project\x64\debug\bitmap.obj
c:\users\tyler\source\repos\dfa_project\x64\debug\state.obj
c:\users\tyler\source\repos\dfa_project\x64\debug\dfa.obj
c:\users\tyler\source\repos\dfa_project\x64\debug\dfa_project.ilk
c:\users\tyler\source\repos\dfa_project\x64\debug\dfa_project.exe
c:\users\tyler\source\repos\dfa_project\x64\debug\dfa_project.pdb
c:\users\tyler\source\repos\dfa_project\x64\debug\dfa_project.tlog\cl.command.1.tlog
c:\users\tyler\source\repos\dfa_project\x64\debug\dfa_project.tlog\cl.read.1.tlog
c:\users\tyler\source\repos\dfa_project\x64\debug\dfa_project.tlog\cl.write.1.tlog
c:\users\tyler\source\repos\dfa_project\x64\debug\dfa_project.tlog\link-cvtres.read.1.tlog
c:\users\tyler\source\repos\dfa_project\x64\debug\dfa_project.tlog\link-cvtres.write.1.tlog
c:\users\tyler\source\repos\dfa_project\x64\debug\dfa_project.tlog\link-rc.read.1.tlog
c:\users\tyler\source\repos\dfa_project\x64\debug\dfa_project.tlog\link-rc.write.1.tlog
c:\users\tyler\source\repos\dfa_project\x64\debug\dfa_project.tlog\link.22516-cvtres.read.1.tlog
c:\users\tyler\source\repos\dfa_project\x64\debug\dfa_project.tlog\link.22516-cvtres.write.1.tlog
c:\users\tyler\source\repos\dfa_project\x64\debug\dfa_project.tlog\link.22516-rc.read.1.tlog
c:\users\tyler\source\repos\dfa_project\x64\debug\dfa_project.tlog\link.22516-rc.write.1.tlog
c:\users\tyler\source\repos\dfa_project\x64\debug\dfa_project.tlog\link.22516.read.1.tlog
c:\users\tyler\source\repos\dfa_project\x64\debug\dfa_project.tlog\link.22516.write.1.tlog
c:\users\tyler\source\repos\dfa_project\x64\debug\dfa_project.tlog\link.command.1.tlog
c:\users\tyler\source\repos\dfa_project\x64\debug\dfa_project.tlog\link.read.1.tlog
c:\users\tyler\source\repos\dfa_project\x64\debug\dfa_project.tlog\link.write.1.tlog
